1594378653129:help
1594378657679:clear
1594378699276:help
1594378738596:login --dheeraj
1594379268289:exit
1594379339442:help
1594379345735:login dheeraj
1594379650319:exit
1594379824924:help
1594379839957:login --username Dheeraj
1594379872540:login --userName Dheeraj
1594379878530:login Dheeraj
1594379900670:help
1594379978234:exit
1594380032361:help
1594380061067:login --user-name Dheeraj
1594380063459:help
1594380522091:exit
1594380570720:help
1594380579285:login --user-name Dheeraj
1594380781787:clear
1594381837038:exit
1594381872341:clear
1594381891154:directory --user (#1)\\ s
1594382215337:help
1594382223383:login Dheeraj
1594382343490:directory --user (1)\\s
1594382621125:exit
1594382664863:login --user-name Dheeraj
1594382687444:directory --user 1
1594382705811:directory --user 2
1594382764683:exit
1594382807689:login --user-name Dheeraj
1594382819377:directory --user 2
1594382822514:directory --user 1
1594382962475:exit
1594397889228:help
1594397894309:login dheeraj
1594397896677:help
1594397900732:print
1594399505219:login dheeraj
1594399511117:help
1594399516014:print
1594399706335:exit
1594399791283:login --user-name Dheeraj
1594399796129:print
1594399920436:exit
1594399976330:print
1594400011470:exit
1594400051090:print
1594402380438:login Dheeraj
1594402932103:clear
1594402936650:help
1594402944749:clear
1594402965865:login Prasad
1594403035439:help
1594403547915:login Hello
1594403642593:help
1594403650847:login hello
1594403662339:logout
1594403865285:login prasad
1594403922585:login mappu
1594403931312:logout
1594404132380:login prasad
1594404142175:help
1594404167047:logout
1594404171101:help
1594404180087:login deekshith
1594405231894:help
1594405237098:login dheeraj
1594405266852:help
1594407651259:login Dheeraj
1594410047403:logout
1594410060942:login induja
1594414497970:login Dheeraj
1594414599567:topup 10
1594414734465:login Dheeraj
1594414740887:help
1594414745838:topup 10
1594414821275:Login Dheeraj
1594414828473:help
1594414832275:login Dheeraj
1594414841130:topup 100
1594415517504:login Dheeraj
1594415806609:topup 120
1594415929528:logut
1594415932171:logout
1594416212725:login Dheeraj
1594416217503:topup 101
1594419928659:login Dheeraj
1594419934201:topup 100
1594419938112:logout
1594419941277:login prasad
1594419946208:topup 10
1594419949358:logout
1594419953317:login dheeraj
1594419992318:logout
1594419995762:login Dheeraj
1594420010308:pay prasad 10
1594420028235:pay --prasad --10
1594420102305:exit
1594420224427:login Dheeraj
1594420229275:topup 100
1594420234578:logout
1594420240665:login prasad
1594420245604:topup 10
1594420258871:logout
1594420261686:login Dheeraj
1594420282587:pay --args prasad 10
1594420287447:exit
1594420336957:login Dheeraj
1594420339840:topup
1594420344860:topup 100
1594420355391:pay --args prasad 10
1594420552251:exit
1594420606093:login Dheeraj
1594420610122:topup 100
1594420614761:logout
1594420618846:login prasad
1594420625888:topup 10
1594420655237:pay --creditor Dheeraj --transaction-amount 5
1594420750181:exit
1594480303472:login Dheeraj
1594480314079:topup 10
1594480430953:topup 15
1594480519456:logout
1594480524046:login prasad
1594480528811:topup 5
1594480533763:logout
1594480539668:login Dheeraj
1594480552732:pay prasad 10
1594480560207:logout
1594480563518:login prasad
1594481310878:login dheeraj
1594481323754:topup --topup-amount 10
1594481328886:logout
1594481331967:login prasad
1594481340253:topup 5
1594481343514:logout
1594481347837:login dheeraj
1594481373007:pay --creditor prasad 30
1594481732762:exit
1594481776515:login a
1594481789638:topup 1
1594481793499:logout
1594481796006:login b
1594481810057:topup 1
1594481816864:pay a 20
1594481849555:pay a 10
1594482227316:exit
1594482268426:login a
1594482278521:pay x
1594482287837:pay --0
1594482296062:pay --0.0
1594482320591:pay --creditor a --transaction-amount 0.0
1594482353000:pay --creditor c --transaction-amount 0.1
1594482476897:exit
1594482578549:login a
1594482597005:pay --creditor a --transaction-amount 1
1594482608527:pay --creditor
1594482618786:pay --creditor c
1594482643734:pay --creditor c 1
1594482715217:logout
1594482726170:login b
1594482753665:topup 10
1594482773080:pay --creditor a 1000
1594482781010:logout
1594482791918:login a
1594482914965:exit
1594482995483:login a
1594482999504:topup 10
1594483005615:logout
1594483009724:login b
1594483016687:logout
1594483029411:login a
1594483037211:pay b 1000
1594483947957:login a
1594483950361:topup 1
1594483953119:logout
1594483957149:login b
1594483963404:topup 10
1594483978713:pay a 1000
1594483997576:logout
1594484000542:login a
1594484033440:login c
1594484042499:logout
1594484045464:login c
1594484052267:logut
1594484054520:logout
1594484058891:login d
1594484066197:topup 10
1594484080094:pay c 1000
1594484661724:login a
1594484665683:logout
1594484669466:login b
1594484674233:topup 10
1594484684297:pay a 1000
1594484699249:login a
1594484706889:logout
1594484709617:login a
1594485360469:login Alice
1594485371271:topup 100
1594485378680:logout
1594485386227:login Bob
1594485392585:topup 80
1594485406459:pay Alice 50
1594485417179:pay Alice 100
1594485966949:login Alice
1594485980140:topup 100
1594486003456:logout
1594486009133:login Bob
1594486014829:topup 80
1594486022261:pay Alice 50
1594486041896:pay Alice 100
1594486562505:login Alice
1594486568627:topup 100
1594486572907:logout
1594486575888:login Bob
1594486589611:topup 80
1594486612101:pay Alice 50
1594486630100:pay Alice 100
1594486678758:topup 30
1594487492331:login Alice
1594487497088:topup 100
1594487505308:logout
1594487516784:login Bob
1594487525478:topup 80
1594487536466:pay Alice 50
1594487580997:pay Alice 100
1594487634115:top 30
1594487649109:topup 30
1594489104744:login Alice
1594489109479:topup 100
1594489114961:login Bob
1594489119961:logout
1594489122916:login Bob
1594489129371:topup 80
1594489137692:pay Alice 50
1594489147399:pay Alice 100
1594489167462:topup 30
1594490231091:login Alice
1594490550872:topup 100
1594490558927:logout
1594490563030:login Bob
1594490572027:topup 80
1594490580528:pay Alice 50
1594490596803:pay Alice 100
1594490768492:topup 30
1594491427728:login Alice
1594491432407:topup 100
1594491445020:logout
1594491450503:login Bob
1594491455485:topup 80
1594491460578:pay Alice 50
1594491467198:pay Alice 100
1594491548113:topup 30
1594491578010:logout
1594491586907:login Alice
1594491604253:logout
1594491632141:login Alice
1594491846152:topup 100
1594491853426:logout
1594491854206:login Bob
1594491859557:topup 80
1594491864936:pay Alice 50
1594491870466:pay Alice 100
1594491917602:topup 30
1594491931638:logout
1594491946564:login Alice
